c:\users\flori\desktop\bibiut-master\x64\debug\vc142.pdb
c:\users\flori\desktop\bibiut-master\x64\debug\vc142.idb
c:\users\flori\desktop\bibiut-master\x64\debug\outils.obj
c:\users\flori\desktop\bibiut-master\x64\debug\main.obj
c:\users\flori\desktop\bibiut-master\x64\debug\date.obj
c:\users\flori\desktop\bibiut-master\x64\debug\biblio.obj
d:\prog visual studio\mabiblio\x64\debug\vc142.pdb
d:\prog visual studio\mabiblio\x64\debug\vc142.idb
d:\prog visual studio\mabiblio\x64\debug\main.obj
d:\prog visual studio\mabiblio\x64\debug\biblio.obj
d:\prog visual studio\mabiblio\x64\debug\outils.obj
d:\prog visual studio\mabiblio\x64\debug\date.obj
c:\users\flori\desktop\bibiut-master\x64\debug\mabiblio.exe
c:\users\flori\desktop\bibiut-master\x64\debug\mabiblio.ilk
c:\users\flori\desktop\bibiut-master\x64\debug\mabiblio.pdb
d:\prog visual studio\mabiblio\x64\debug\mabiblio.exe
d:\prog visual studio\mabiblio\x64\debug\mabiblio.ilk
d:\prog visual studio\mabiblio\x64\debug\mabiblio.pdb
d:\prog visual studio\mabiblio\x64\debug\mabiblio.tlog\cl.command.1.tlog
d:\prog visual studio\mabiblio\x64\debug\mabiblio.tlog\cl.read.1.tlog
d:\prog visual studio\mabiblio\x64\debug\mabiblio.tlog\cl.write.1.tlog
d:\prog visual studio\mabiblio\x64\debug\mabiblio.tlog\link.command.1.tlog
d:\prog visual studio\mabiblio\x64\debug\mabiblio.tlog\link.read.1.tlog
d:\prog visual studio\mabiblio\x64\debug\mabiblio.tlog\link.write.1.tlog
